C51 COMPILER V9.59.0.0   HC138                                                             01/30/2025 21:23:30 PAGE 1   


C51 COMPILER V9.59.0.0, COMPILATION OF MODULE HC138
OBJECT MODULE PLACED IN .\Objects\HC138.obj
COMPILER INVOKED BY: D:\keil\C51\BIN\C51.EXE HC138.c OPTIMIZE(8,SPEED) BROWSE DEBUG OBJECTEXTEND PRINT(.\Listings\HC138.
                    -lst) TABS(2) OBJECT(.\Objects\HC138.obj)

line level    source

   1          #include <REGX52.H>
   2          
   3          void SelectHC138(unsigned char which)
   4          {
   5   1        switch(which)
   6   1        {
   7   2          case 4:
   8   2            P2_7 = 1;
   9   2            P2_6 = 0;
  10   2            P2_5 = 0;
  11   2          break;
  12   2          case 5:
  13   2            P2_7 = 1;
  14   2            P2_6 = 0;
  15   2            P2_5 = 1;
  16   2          break;
  17   2          case 6:
  18   2            P2_7 = 1;
  19   2            P2_6 = 1;
  20   2            P2_5 = 0;
  21   2          break;
  22   2          case 7:
  23   2            P2_7 = 1;
  24   2            P2_6 = 1;
  25   2            P2_5 = 1;
  26   2          break;
  27   2          case 3:  //都不选
  28   2            P2_7 = 0;
  29   2            P2_6 = 1;
  30   2            P2_5 = 1;
  31   2          break;
  32   2        }
  33   1      }


MODULE INFORMATION:   STATIC OVERLAYABLE
   CODE SIZE        =     51    ----
   CONSTANT SIZE    =   ----    ----
   XDATA SIZE       =   ----    ----
   PDATA SIZE       =   ----    ----
   DATA SIZE        =   ----    ----
   IDATA SIZE       =   ----    ----
   BIT SIZE         =   ----    ----
END OF MODULE INFORMATION.


C51 COMPILATION COMPLETE.  0 WARNING(S),  0 ERROR(S)
