C51 COMPILER V9.59.0.0   MAIN                                                              01/30/2025 21:23:30 PAGE 1   


C51 COMPILER V9.59.0.0, COMPILATION OF MODULE MAIN
OBJECT MODULE PLACED IN .\Objects\main.obj
COMPILER INVOKED BY: D:\keil\C51\BIN\C51.EXE main.c OPTIMIZE(8,SPEED) BROWSE DEBUG OBJECTEXTEND PRINT(.\Listings\main.ls
                    -t) TABS(2) OBJECT(.\Objects\main.obj)

line level    source

   1          #include <REGX52.H>
   2          #include "Timer.h"
   3          #include "SMG.h"
   4          
   5          unsigned int Freq;
   6          void Disp()
   7          {
   8   1        SMG_Show(1, 15);
   9   1        if(Freq / 10000 != 0)
  10   1        {
  11   2          SMG_Show(4, Freq / 10000);
  12   2          SMG_Show(5, Freq / 1000 % 10);
  13   2          SMG_Show(6, Freq / 100 % 10);
  14   2          SMG_Show(7, Freq / 10 % 10);
  15   2          SMG_Show(8, Freq % 10);
  16   2        } else if(Freq / 1000 != 0)
  17   1        {
  18   2          SMG_Show(4, 18);
  19   2          SMG_Show(5, Freq / 1000 % 10);
  20   2          SMG_Show(6, Freq / 100 % 10);
  21   2          SMG_Show(7, Freq / 10 % 10);
  22   2          SMG_Show(8, Freq % 10);
  23   2        } else if(Freq / 100 != 0)
  24   1        {
  25   2          SMG_Show(4, 18);
  26   2          SMG_Show(5, 18);
  27   2          SMG_Show(6, Freq / 100 % 10);
  28   2          SMG_Show(7, Freq / 10 % 10);
  29   2          SMG_Show(8, Freq % 10);
  30   2        } else if(Freq / 10 != 0)
  31   1        {
  32   2          SMG_Show(4, 18);
  33   2          SMG_Show(5, 18);
  34   2          SMG_Show(6, 18);
  35   2          SMG_Show(7, Freq / 10 % 10);
  36   2          SMG_Show(8, Freq % 10);
  37   2        } else 
  38   1        {
  39   2          SMG_Show(4, 18);
  40   2          SMG_Show(5, 18);
  41   2          SMG_Show(6, 18);
  42   2          SMG_Show(7, 18);
  43   2          SMG_Show(8, Freq % 10);
  44   2        }
  45   1      }
  46          
  47          void main()
  48          {
  49   1        Timer_Init();
  50   1        while(1)
  51   1        {
  52   2          Disp();
  53   2        }
  54   1      }
C51 COMPILER V9.59.0.0   MAIN                                                              01/30/2025 21:23:30 PAGE 2   

  55          
  56          unsigned int Timer0Count;
  57          void Timer0_Rounte() interrupt 1
  58          {
  59   1        Timer0Count++;
  60   1      }
  61          
  62          unsigned char Timer1Count;
  63          void Timer1_Rounte() interrupt 3
  64          {
  65   1        TH1 = (65536 - 50000) / 256;
  66   1        TL1 = (65536 - 50000) % 256;
  67   1        Timer1Count++;
  68   1        if(Timer1Count >= 20)
  69   1        {
  70   2          Freq = Timer0Count;
  71   2          Timer0Count = 0;
  72   2          Timer1Count = 0;
  73   2        }
  74   1      }


MODULE INFORMATION:   STATIC OVERLAYABLE
   CODE SIZE        =    301    ----
   CONSTANT SIZE    =   ----    ----
   XDATA SIZE       =   ----    ----
   PDATA SIZE       =   ----    ----
   DATA SIZE        =      5    ----
   IDATA SIZE       =   ----    ----
   BIT SIZE         =   ----    ----
END OF MODULE INFORMATION.


C51 COMPILATION COMPLETE.  0 WARNING(S),  0 ERROR(S)
