C51 COMPILER V9.59.0.0   SMG                                                               01/30/2025 21:23:31 PAGE 1   


C51 COMPILER V9.59.0.0, COMPILATION OF MODULE SMG
OBJECT MODULE PLACED IN .\Objects\SMG.obj
COMPILER INVOKED BY: D:\keil\C51\BIN\C51.EXE SMG.c OPTIMIZE(8,SPEED) BROWSE DEBUG OBJECTEXTEND PRINT(.\Listings\SMG.lst)
                    - TABS(2) OBJECT(.\Objects\SMG.obj)

line level    source

   1          #include <REGX52.H>
   2          #include "HC138.h"
   3          #include "Delay.h"
   4          
   5          code unsigned char Seg_Table[] =
   6          {
   7          0xc0, //0
   8          0xf9, //1
   9          0xa4, //2
  10          0xb0, //3
  11          0x99, //4
  12          0x92, //5
  13          0x82, //6
  14          0xf8, //7
  15          0x80, //8
  16          0x90, //9
  17          0x88, //A
  18          0x83, //b
  19          0xc6, //C
  20          0xa1, //d
  21          0x86, //E
  22          0x8e, //F
  23          0xbf, //-
  24          0x00, //all 
  25          0xff, //nall
  26          };
  27          
  28          void SMG_Show(unsigned char pos, unsigned char Num)
  29          {
  30   1        SelectHC138(6);
  31   1        P0 = 0x01 << pos - 1;
  32   1        SelectHC138(7);
  33   1        P0 = Seg_Table[Num];
  34   1        Delay1ms(1);//消影
  35   1        SelectHC138(3);//锁
  36   1      }
  37          
  38          //void SMG_ShowDoc(unsigned char pos, unsigned char Num)
  39          //{
  40          //  SelectHC138(6);
  41          //  P0 = 0x01 << pos - 1;
  42          //  SelectHC138(7);
  43          //  P0 = Seg_Table[Num] & 0x7f;
  44          //  Delay1ms(1);//消影
  45          //  SelectHC138(3);//锁
  46          //}


MODULE INFORMATION:   STATIC OVERLAYABLE
   CODE SIZE        =     50    ----
   CONSTANT SIZE    =     19    ----
   XDATA SIZE       =   ----    ----
   PDATA SIZE       =   ----    ----
   DATA SIZE        =   ----       2
C51 COMPILER V9.59.0.0   SMG                                                               01/30/2025 21:23:31 PAGE 2   

   IDATA SIZE       =   ----    ----
   BIT SIZE         =   ----    ----
END OF MODULE INFORMATION.


C51 COMPILATION COMPLETE.  0 WARNING(S),  0 ERROR(S)
