C51 COMPILER V9.59.0.0   TIMER                                                             01/30/2025 21:23:31 PAGE 1   


C51 COMPILER V9.59.0.0, COMPILATION OF MODULE TIMER
OBJECT MODULE PLACED IN .\Objects\Timer.obj
COMPILER INVOKED BY: D:\keil\C51\BIN\C51.EXE Timer.c OPTIMIZE(8,SPEED) BROWSE DEBUG OBJECTEXTEND PRINT(.\Listings\Timer.
                    -lst) TABS(2) OBJECT(.\Objects\Timer.obj)

line level    source

   1          #include <REGX52.H>
   2          
   3          void Timer_Init()
   4          {
   5   1        TMOD = 0x16;
   6   1        TH0 = 0xff;
   7   1        TL0 = 0xff;
   8   1        TH1 = (65536 - 50000) / 256;
   9   1        TL1 = (65536 - 50000) % 256;
  10   1        TR0 = 1;
  11   1        TR1 = 1;
  12   1        EA = 1;
  13   1        ET0 = 1;
  14   1        ET1 = 1;
  15   1      }
  16          


MODULE INFORMATION:   STATIC OVERLAYABLE
   CODE SIZE        =     26    ----
   CONSTANT SIZE    =   ----    ----
   XDATA SIZE       =   ----    ----
   PDATA SIZE       =   ----    ----
   DATA SIZE        =   ----    ----
   IDATA SIZE       =   ----    ----
   BIT SIZE         =   ----    ----
END OF MODULE INFORMATION.


C51 COMPILATION COMPLETE.  0 WARNING(S),  0 ERROR(S)
